[INFO] Scanning for projects...
[INFO] 
[INFO] -----------------------< com.ambrosia:ambrosia >------------------------
[INFO] Building ambrosia 0.0.1-SNAPSHOT
[INFO]   from pom.xml
[INFO] --------------------------------[ jar ]---------------------------------
[INFO] 
[INFO] --- clean:3.3.2:clean (default-clean) @ ambrosia ---
[INFO] Deleting C:\Users\HOME\Documents\GitHub\ambrosia\backend\target
[INFO] 
[INFO] --- resources:3.3.1:resources (default-resources) @ ambrosia ---
[INFO] Copying 1 resource from src\main\resources to target\classes
[INFO] Copying 1 resource from src\main\resources to target\classes
[INFO] 
[INFO] --- compiler:3.13.0:compile (default-compile) @ ambrosia ---
[INFO] Recompiling the module because of changed source code.
[INFO] Compiling 107 source files with javac [debug parameters release 21] to target\classes
[INFO] -------------------------------------------------------------
[ERROR] COMPILATION ERROR : 
[INFO] -------------------------------------------------------------
[ERROR] /C:/Users/HOME/Documents/GitHub/ambrosia/backend/src/main/java/com/ambrosia/ambrosia/services/UsuarioService.java:[87,22] cannot find symbol
  symbol:   variable rol
  location: class com.ambrosia.ambrosia.services.UsuarioService
[ERROR] /C:/Users/HOME/Documents/GitHub/ambrosia/backend/src/main/java/com/ambrosia/ambrosia/services/RecursoService.java:[44,31] cannot find symbol
  symbol:   variable profesionalRepository
  location: class com.ambrosia.ambrosia.services.RecursoService
[INFO] 2 errors 
[INFO] -------------------------------------------------------------
[INFO] ------------------------------------------------------------------------
[INFO] BUILD FAILURE
[INFO] ------------------------------------------------------------------------
[INFO] Total time:  7.323 s
[INFO] Finished at: 2025-11-25T09:34:31-05:00
[INFO] ------------------------------------------------------------------------
[ERROR] Failed to execute goal org.apache.maven.plugins:maven-compiler-plugin:3.13.0:compile (default-compile) on project ambrosia: Compilation failure: Compilation failure: 
[ERROR] /C:/Users/HOME/Documents/GitHub/ambrosia/backend/src/main/java/com/ambrosia/ambrosia/services/UsuarioService.java:[87,22] cannot find symbol
[ERROR]   symbol:   variable rol
[ERROR]   location: class com.ambrosia.ambrosia.services.UsuarioService
[ERROR] /C:/Users/HOME/Documents/GitHub/ambrosia/backend/src/main/java/com/ambrosia/ambrosia/services/RecursoService.java:[44,31] cannot find symbol
[ERROR]   symbol:   variable profesionalRepository
[ERROR]   location: class com.ambrosia.ambrosia.services.RecursoService
[ERROR] -> [Help 1]
[ERROR] 
[ERROR] To see the full stack trace of the errors, re-run Maven with the -e switch.
[ERROR] Re-run Maven using the -X switch to enable full debug logging.
[ERROR] 
[ERROR] For more information about the errors and possible solutions, please read the following articles:
[ERROR] [Help 1] http://cwiki.apache.org/confluence/display/MAVEN/MojoFailureException
