[INFO] Scanning for projects...
[INFO] 
[INFO] -----------------------< com.ambrosia:ambrosia >------------------------
[INFO] Building ambrosia 0.0.1-SNAPSHOT
[INFO]   from pom.xml
[INFO] --------------------------------[ jar ]---------------------------------
[INFO] 
[INFO] --- clean:3.3.2:clean (default-clean) @ ambrosia ---
[INFO] Deleting C:\Users\HOME\Documents\GitHub\ambrosia\backend\target
[INFO] 
[INFO] --- resources:3.3.1:resources (default-resources) @ ambrosia ---
[INFO] Copying 1 resource from src\main\resources to target\classes
[INFO] Copying 1 resource from src\main\resources to target\classes
[INFO] 
[INFO] --- compiler:3.13.0:compile (default-compile) @ ambrosia ---
[INFO] Recompiling the module because of changed source code.
[INFO] Compiling 107 source files with javac [debug parameters release 21] to target\classes
[INFO] 
[INFO] --- resources:3.3.1:testResources (default-testResources) @ ambrosia ---
[INFO] Copying 1 resource from src\test\resources to target\test-classes
[INFO] 
[INFO] --- compiler:3.13.0:testCompile (default-testCompile) @ ambrosia ---
[INFO] Recompiling the module because of changed dependency.
[INFO] Compiling 4 source files with javac [debug parameters release 21] to target\test-classes
[INFO] -------------------------------------------------------------
[ERROR] COMPILATION ERROR : 
[INFO] -------------------------------------------------------------
[ERROR] /C:/Users/HOME/Documents/GitHub/ambrosia/backend/src/test/java/com/ambrosia/ambrosia/RecursoIntegrationTest.java:[70,6] cannot find symbol
  symbol:   class Transactional
  location: class com.ambrosia.ambrosia.RecursoIntegrationTest
[INFO] 1 error
[INFO] -------------------------------------------------------------
[INFO] ------------------------------------------------------------------------
[INFO] BUILD FAILURE
[INFO] ------------------------------------------------------------------------
[INFO] Total time:  8.459 s
[INFO] Finished at: 2025-11-25T09:38:57-05:00
[INFO] ------------------------------------------------------------------------
[ERROR] Failed to execute goal org.apache.maven.plugins:maven-compiler-plugin:3.13.0:testCompile (default-testCompile) on project ambrosia: Compilation failure
[ERROR] /C:/Users/HOME/Documents/GitHub/ambrosia/backend/src/test/java/com/ambrosia/ambrosia/RecursoIntegrationTest.java:[70,6] cannot find symbol
[ERROR]   symbol:   class Transactional
[ERROR]   location: class com.ambrosia.ambrosia.RecursoIntegrationTest
[ERROR] 
[ERROR] -> [Help 1]
[ERROR] 
[ERROR] To see the full stack trace of the errors, re-run Maven with the -e switch.
[ERROR] Re-run Maven using the -X switch to enable full debug logging.
[ERROR] 
[ERROR] For more information about the errors and possible solutions, please read the following articles:
[ERROR] [Help 1] http://cwiki.apache.org/confluence/display/MAVEN/MojoFailureException
